2020-03-09 09:24:59,352 [Worker-9: Loading available Gradle versions] INFO  o.e.b.c.i.u.g.PublishedGradleVersions - Gradle version information cache is up-to-date. Trying to read.
2020-03-09 09:25:32,453 [Worker-0: Importing Maven projects] INFO  o.e.m.c.i.l.LifecycleMappingFactory - Using org.eclipse.m2e.jdt.JarLifecycleMapping lifecycle mapping for MavenProject: com.example:dashboard:0.0.1-SNAPSHOT @ /Users/surajv/Desktop/dash/dashboard/pom.xml.
2020-03-09 09:25:34,441 [Worker-0: Importing Maven projects] INFO  o.e.m.j.i.AbstractJavaProjectConfigurator - Adding source folder /dashboard/src/main/java
2020-03-09 09:25:34,442 [Worker-0: Importing Maven projects] INFO  o.e.m.j.i.AbstractJavaProjectConfigurator - Adding resource folder /dashboard/src/main/resources
2020-03-09 09:25:34,442 [Worker-0: Importing Maven projects] INFO  o.e.m.j.i.AbstractJavaProjectConfigurator - Adding resource folder /dashboard/src/main/resources
2020-03-09 09:25:34,443 [Worker-0: Importing Maven projects] INFO  o.e.m.j.i.AbstractJavaProjectConfigurator - Adding source folder /dashboard/src/test/java
2020-03-09 09:25:34,874 [Worker-0: Importing Maven projects] INFO  o.e.m.c.i.p.ProjectConfigurationManager - Imported and configured 1 project(s) in 9 sec
2020-03-09 09:25:41,096 [Worker-11: Building] INFO  o.e.m.c.i.embedder.EclipseLogger - Using 'UTF-8' encoding to copy filtered resources.
2020-03-09 09:25:41,162 [Worker-11: Building] INFO  o.e.m.c.i.embedder.EclipseLogger - Copying 1 resource
2020-03-09 09:25:41,202 [Worker-11: Building] INFO  o.e.m.c.i.embedder.EclipseLogger - Copying 1 resource
2020-03-09 09:25:41,227 [Worker-11: Building] INFO  o.e.m.c.i.embedder.EclipseLogger - Using 'UTF-8' encoding to copy filtered resources.
2020-03-09 09:25:41,228 [Worker-11: Building] INFO  o.e.m.c.i.embedder.EclipseLogger - skip non existing resourceDirectory /Users/surajv/Desktop/dash/dashboard/src/test/resources
2020-03-09 09:26:46,608 [Worker-14: Building] INFO  o.e.m.c.i.embedder.EclipseLogger - Using 'UTF-8' encoding to copy filtered resources.
2020-03-09 09:26:46,632 [Worker-14: Building] INFO  o.e.m.c.i.embedder.EclipseLogger - Copying 0 resource
2020-03-09 09:26:46,632 [Worker-14: Building] INFO  o.e.m.c.i.embedder.EclipseLogger - Copying 1 resource
2020-03-09 09:26:46,638 [Worker-14: Building] INFO  o.e.m.c.i.embedder.EclipseLogger - Using 'UTF-8' encoding to copy filtered resources.
2020-03-09 09:26:46,638 [Worker-14: Building] INFO  o.e.m.c.i.embedder.EclipseLogger - skip non existing resourceDirectory /Users/surajv/Desktop/dash/dashboard/src/test/resources
2020-03-09 09:26:53,870 [Worker-17: Building] INFO  o.e.m.c.i.embedder.EclipseLogger - Using 'UTF-8' encoding to copy filtered resources.
2020-03-09 09:26:53,870 [Worker-17: Building] INFO  o.e.m.c.i.embedder.EclipseLogger - Copying 0 resource
2020-03-09 09:26:53,870 [Worker-17: Building] INFO  o.e.m.c.i.embedder.EclipseLogger - Copying 0 resource
2020-03-09 09:26:53,873 [Worker-17: Building] INFO  o.e.m.c.i.embedder.EclipseLogger - Using 'UTF-8' encoding to copy filtered resources.
2020-03-09 09:26:53,874 [Worker-17: Building] INFO  o.e.m.c.i.embedder.EclipseLogger - skip non existing resourceDirectory /Users/surajv/Desktop/dash/dashboard/src/test/resources
2020-03-09 19:17:12,621 [Worker-7: Loading available Gradle versions] INFO  o.e.b.c.i.u.g.PublishedGradleVersions - Gradle version information cache is up-to-date. Trying to read.
2020-03-09 19:17:39,863 [Worker-13: Updating Maven Dependencies] INFO  o.e.m.c.i.l.LifecycleMappingFactory - Using org.eclipse.m2e.jdt.JarLifecycleMapping lifecycle mapping for MavenProject: com.example:dashboard:0.0.1-SNAPSHOT @ /Users/surajv/Desktop/dash/dashboard/pom.xml.
2020-03-09 19:17:53,082 [Worker-5: Building] INFO  o.e.m.c.i.embedder.EclipseLogger - Using 'UTF-8' encoding to copy filtered resources.
2020-03-09 19:17:53,151 [Worker-5: Building] INFO  o.e.m.c.i.embedder.EclipseLogger - Copying 1 resource
2020-03-09 19:17:53,291 [Worker-5: Building] INFO  o.e.m.c.i.embedder.EclipseLogger - Copying 1 resource
2020-03-09 19:17:53,297 [Worker-5: Building] INFO  o.e.m.c.i.embedder.EclipseLogger - Using 'UTF-8' encoding to copy filtered resources.
2020-03-09 19:17:53,297 [Worker-5: Building] INFO  o.e.m.c.i.embedder.EclipseLogger - skip non existing resourceDirectory /Users/surajv/Desktop/dash/dashboard/src/test/resources
2020-03-09 19:18:29,622 [Worker-13: Building] INFO  o.e.m.c.i.embedder.EclipseLogger - Using 'UTF-8' encoding to copy filtered resources.
2020-03-09 19:18:29,705 [Worker-13: Building] INFO  o.e.m.c.i.embedder.EclipseLogger - Copying 0 resource
2020-03-09 19:18:29,706 [Worker-13: Building] INFO  o.e.m.c.i.embedder.EclipseLogger - Copying 0 resource
2020-03-09 19:18:29,709 [Worker-13: Building] INFO  o.e.m.c.i.embedder.EclipseLogger - Using 'UTF-8' encoding to copy filtered resources.
2020-03-09 19:18:29,709 [Worker-13: Building] INFO  o.e.m.c.i.embedder.EclipseLogger - skip non existing resourceDirectory /Users/surajv/Desktop/dash/dashboard/src/test/resources
2020-03-09 19:34:17,332 [Worker-21: Building] INFO  o.e.m.c.i.l.LifecycleMappingFactory - Using org.eclipse.m2e.jdt.JarLifecycleMapping lifecycle mapping for MavenProject: com.example:dashboard:0.0.1-SNAPSHOT @ /Users/surajv/Desktop/dash/dashboard/pom.xml.
2020-03-09 19:34:18,393 [Worker-21: Building] INFO  o.e.m.c.i.embedder.EclipseLogger - Using 'UTF-8' encoding to copy filtered resources.
2020-03-09 19:34:18,396 [Worker-21: Building] INFO  o.e.m.c.i.embedder.EclipseLogger - Copying 0 resource
2020-03-09 19:34:18,396 [Worker-21: Building] INFO  o.e.m.c.i.embedder.EclipseLogger - Copying 0 resource
2020-03-09 19:34:18,399 [Worker-21: Building] INFO  o.e.m.c.i.embedder.EclipseLogger - Using 'UTF-8' encoding to copy filtered resources.
2020-03-09 19:34:18,399 [Worker-21: Building] INFO  o.e.m.c.i.embedder.EclipseLogger - skip non existing resourceDirectory /Users/surajv/Desktop/dash/dashboard/src/test/resources
2020-03-09 19:34:21,018 [Worker-25: Building] INFO  o.e.m.c.i.embedder.EclipseLogger - Using 'UTF-8' encoding to copy filtered resources.
2020-03-09 19:34:21,033 [Worker-25: Building] INFO  o.e.m.c.i.embedder.EclipseLogger - Copying 1 resource
2020-03-09 19:34:21,070 [Worker-25: Building] INFO  o.e.m.c.i.embedder.EclipseLogger - Copying 1 resource
2020-03-09 19:34:21,103 [Worker-25: Building] INFO  o.e.m.c.i.embedder.EclipseLogger - Using 'UTF-8' encoding to copy filtered resources.
2020-03-09 19:34:21,103 [Worker-25: Building] INFO  o.e.m.c.i.embedder.EclipseLogger - skip non existing resourceDirectory /Users/surajv/Desktop/dash/dashboard/src/test/resources
2020-03-09 19:34:44,047 [Worker-24: Building] INFO  o.e.m.c.i.l.LifecycleMappingFactory - Using org.eclipse.m2e.jdt.JarLifecycleMapping lifecycle mapping for MavenProject: com.example:dashboard:0.0.1-SNAPSHOT @ /Users/surajv/Desktop/dash/dashboard/pom.xml.
2020-03-09 19:34:44,514 [Worker-24: Building] INFO  o.e.m.c.i.e.AbstractTransferListenerAdapter - Downloading https://repo.maven.apache.org/maven2/mysql/mysql-connector-java/8.0.14/mysql-connector-java-8.0.14.pom
2020-03-09 19:34:44,532 [Worker-24: Building] INFO  o.e.m.c.i.e.AbstractTransferListenerAdapter - Downloaded https://repo.maven.apache.org/maven2/mysql/mysql-connector-java/8.0.14/mysql-connector-java-8.0.14.pom
2020-03-09 19:34:45,184 [Worker-24: Building] INFO  o.e.m.c.i.e.AbstractTransferListenerAdapter - Downloading https://repo.maven.apache.org/maven2/mysql/mysql-connector-java/8.0.14/mysql-connector-java-8.0.14.jar
2020-03-09 19:34:45,437 [Worker-24: Building] INFO  o.e.m.c.i.e.AbstractTransferListenerAdapter - Downloaded https://repo.maven.apache.org/maven2/mysql/mysql-connector-java/8.0.14/mysql-connector-java-8.0.14.jar
2020-03-09 19:34:45,829 [Worker-24: Building] INFO  o.e.m.c.i.embedder.EclipseLogger - Using 'UTF-8' encoding to copy filtered resources.
2020-03-09 19:34:45,831 [Worker-24: Building] INFO  o.e.m.c.i.embedder.EclipseLogger - Copying 0 resource
2020-03-09 19:34:45,832 [Worker-24: Building] INFO  o.e.m.c.i.embedder.EclipseLogger - Copying 0 resource
2020-03-09 19:34:45,835 [Worker-24: Building] INFO  o.e.m.c.i.embedder.EclipseLogger - Using 'UTF-8' encoding to copy filtered resources.
2020-03-09 19:34:45,836 [Worker-24: Building] INFO  o.e.m.c.i.embedder.EclipseLogger - skip non existing resourceDirectory /Users/surajv/Desktop/dash/dashboard/src/test/resources
2020-03-09 19:34:47,760 [Worker-25: Building] INFO  o.e.m.c.i.embedder.EclipseLogger - Using 'UTF-8' encoding to copy filtered resources.
2020-03-09 19:34:47,761 [Worker-25: Building] INFO  o.e.m.c.i.embedder.EclipseLogger - Copying 1 resource
2020-03-09 19:34:47,791 [Worker-25: Building] INFO  o.e.m.c.i.embedder.EclipseLogger - Copying 1 resource
2020-03-09 19:34:47,811 [Worker-25: Building] INFO  o.e.m.c.i.embedder.EclipseLogger - Using 'UTF-8' encoding to copy filtered resources.
2020-03-09 19:34:47,812 [Worker-25: Building] INFO  o.e.m.c.i.embedder.EclipseLogger - skip non existing resourceDirectory /Users/surajv/Desktop/dash/dashboard/src/test/resources
2020-03-09 19:34:48,049 [Worker-26: Download sources and javadoc] INFO  o.e.m.c.i.e.AbstractTransferListenerAdapter - Downloading https://repo.maven.apache.org/maven2/mysql/mysql-connector-java/8.0.14/mysql-connector-java-8.0.14-sources.jar
2020-03-09 19:34:48,484 [Worker-26: Download sources and javadoc] INFO  o.e.m.c.i.e.AbstractTransferListenerAdapter - Downloaded https://repo.maven.apache.org/maven2/mysql/mysql-connector-java/8.0.14/mysql-connector-java-8.0.14-sources.jar
2020-03-09 19:34:48,520 [Worker-26: Download sources and javadoc] INFO  o.e.m.j.internal.DownloadSourcesJob - Downloaded sources for mysql:mysql-connector-java:8.0.14
2020-03-09 19:34:49,193 [Worker-2: Building] INFO  o.e.m.c.i.embedder.EclipseLogger - Using 'UTF-8' encoding to copy filtered resources.
2020-03-09 19:34:49,211 [Worker-2: Building] INFO  o.e.m.c.i.embedder.EclipseLogger - Copying 0 resource
2020-03-09 19:34:49,211 [Worker-2: Building] INFO  o.e.m.c.i.embedder.EclipseLogger - Copying 0 resource
2020-03-09 19:34:49,217 [Worker-2: Building] INFO  o.e.m.c.i.embedder.EclipseLogger - Using 'UTF-8' encoding to copy filtered resources.
2020-03-09 19:34:49,217 [Worker-2: Building] INFO  o.e.m.c.i.embedder.EclipseLogger - skip non existing resourceDirectory /Users/surajv/Desktop/dash/dashboard/src/test/resources
2020-03-09 19:35:54,357 [Worker-24: Building] INFO  o.e.m.c.i.l.LifecycleMappingFactory - Using org.eclipse.m2e.jdt.JarLifecycleMapping lifecycle mapping for MavenProject: com.example:dashboard:0.0.1-SNAPSHOT @ /Users/surajv/Desktop/dash/dashboard/pom.xml.
2020-03-09 19:35:54,923 [Worker-24: Building] INFO  o.e.m.c.i.e.AbstractTransferListenerAdapter - Downloading https://repo.maven.apache.org/maven2/mysql/mysql-connector-java/6.0.4/mysql-connector-java-6.0.4.pom
2020-03-09 19:35:55,070 [Worker-24: Building] INFO  o.e.m.c.i.e.AbstractTransferListenerAdapter - Downloaded https://repo.maven.apache.org/maven2/mysql/mysql-connector-java/6.0.4/mysql-connector-java-6.0.4.pom
2020-03-09 19:35:55,725 [Worker-24: Building] INFO  o.e.m.c.i.e.AbstractTransferListenerAdapter - Downloading https://repo.maven.apache.org/maven2/mysql/mysql-connector-java/6.0.4/mysql-connector-java-6.0.4.jar
2020-03-09 19:35:56,560 [Worker-24: Building] INFO  o.e.m.c.i.e.AbstractTransferListenerAdapter - Downloaded https://repo.maven.apache.org/maven2/mysql/mysql-connector-java/6.0.4/mysql-connector-java-6.0.4.jar
2020-03-09 19:35:57,027 [Worker-24: Building] INFO  o.e.m.c.i.embedder.EclipseLogger - Using 'UTF-8' encoding to copy filtered resources.
2020-03-09 19:35:57,030 [Worker-24: Building] INFO  o.e.m.c.i.embedder.EclipseLogger - Copying 0 resource
2020-03-09 19:35:57,036 [Worker-24: Building] INFO  o.e.m.c.i.embedder.EclipseLogger - Copying 0 resource
2020-03-09 19:35:57,054 [Worker-24: Building] INFO  o.e.m.c.i.embedder.EclipseLogger - Using 'UTF-8' encoding to copy filtered resources.
2020-03-09 19:35:57,054 [Worker-24: Building] INFO  o.e.m.c.i.embedder.EclipseLogger - skip non existing resourceDirectory /Users/surajv/Desktop/dash/dashboard/src/test/resources
2020-03-09 19:35:58,429 [Worker-25: Building] INFO  o.e.m.c.i.embedder.EclipseLogger - Using 'UTF-8' encoding to copy filtered resources.
2020-03-09 19:35:58,430 [Worker-25: Building] INFO  o.e.m.c.i.embedder.EclipseLogger - Copying 1 resource
2020-03-09 19:35:58,466 [Worker-25: Building] INFO  o.e.m.c.i.embedder.EclipseLogger - Copying 1 resource
2020-03-09 19:35:58,473 [Worker-25: Building] INFO  o.e.m.c.i.embedder.EclipseLogger - Using 'UTF-8' encoding to copy filtered resources.
2020-03-09 19:35:58,474 [Worker-25: Building] INFO  o.e.m.c.i.embedder.EclipseLogger - skip non existing resourceDirectory /Users/surajv/Desktop/dash/dashboard/src/test/resources
2020-03-09 19:35:58,914 [Worker-21: Download sources and javadoc] INFO  o.e.m.c.i.e.AbstractTransferListenerAdapter - Downloading https://repo.maven.apache.org/maven2/mysql/mysql-connector-java/6.0.4/mysql-connector-java-6.0.4-sources.jar
2020-03-09 19:35:59,126 [Worker-21: Download sources and javadoc] INFO  o.e.m.c.i.e.AbstractTransferListenerAdapter - Downloaded https://repo.maven.apache.org/maven2/mysql/mysql-connector-java/6.0.4/mysql-connector-java-6.0.4-sources.jar
2020-03-09 19:35:59,152 [Worker-21: Download sources and javadoc] INFO  o.e.m.j.internal.DownloadSourcesJob - Downloaded sources for mysql:mysql-connector-java:6.0.4
2020-03-09 19:35:59,680 [Worker-26: Building] INFO  o.e.m.c.i.embedder.EclipseLogger - Using 'UTF-8' encoding to copy filtered resources.
2020-03-09 19:35:59,680 [Worker-26: Building] INFO  o.e.m.c.i.embedder.EclipseLogger - Copying 0 resource
2020-03-09 19:35:59,680 [Worker-26: Building] INFO  o.e.m.c.i.embedder.EclipseLogger - Copying 0 resource
2020-03-09 19:35:59,683 [Worker-26: Building] INFO  o.e.m.c.i.embedder.EclipseLogger - Using 'UTF-8' encoding to copy filtered resources.
2020-03-09 19:35:59,684 [Worker-26: Building] INFO  o.e.m.c.i.embedder.EclipseLogger - skip non existing resourceDirectory /Users/surajv/Desktop/dash/dashboard/src/test/resources
2020-03-09 19:36:05,906 [Worker-24: Launching Executing install in _Users_surajv_Desktop_dash_dashboard] INFO  o.e.m.i.launch.MavenLaunchDelegate - /Users/surajv/Desktop/dash/dashboard
2020-03-09 19:36:05,907 [Worker-24: Launching Executing install in _Users_surajv_Desktop_dash_dashboard] INFO  o.e.m.i.launch.MavenLaunchDelegate -  mvn -B install -Dstyle.color=always
2020-03-09 19:37:51,896 [Worker-25: Building] INFO  o.e.m.c.i.l.LifecycleMappingFactory - Using org.eclipse.m2e.jdt.JarLifecycleMapping lifecycle mapping for MavenProject: com.example:dashboard:0.0.1-SNAPSHOT @ /Users/surajv/Desktop/dash/dashboard/pom.xml.
2020-03-09 19:37:52,766 [Worker-25: Building] INFO  o.e.m.c.i.embedder.EclipseLogger - Using 'UTF-8' encoding to copy filtered resources.
2020-03-09 19:37:52,769 [Worker-25: Building] INFO  o.e.m.c.i.embedder.EclipseLogger - Copying 0 resource
2020-03-09 19:37:52,769 [Worker-25: Building] INFO  o.e.m.c.i.embedder.EclipseLogger - Copying 0 resource
2020-03-09 19:37:52,774 [Worker-25: Building] INFO  o.e.m.c.i.embedder.EclipseLogger - Using 'UTF-8' encoding to copy filtered resources.
2020-03-09 19:37:52,775 [Worker-25: Building] INFO  o.e.m.c.i.embedder.EclipseLogger - skip non existing resourceDirectory /Users/surajv/Desktop/dash/dashboard/src/test/resources
2020-03-09 19:37:55,008 [Worker-29: Building] INFO  o.e.m.c.i.embedder.EclipseLogger - Using 'UTF-8' encoding to copy filtered resources.
2020-03-09 19:37:55,011 [Worker-29: Building] INFO  o.e.m.c.i.embedder.EclipseLogger - Copying 1 resource
2020-03-09 19:37:55,104 [Worker-29: Building] INFO  o.e.m.c.i.embedder.EclipseLogger - Copying 1 resource
2020-03-09 19:37:55,122 [Worker-29: Building] INFO  o.e.m.c.i.embedder.EclipseLogger - Using 'UTF-8' encoding to copy filtered resources.
2020-03-09 19:37:55,122 [Worker-29: Building] INFO  o.e.m.c.i.embedder.EclipseLogger - skip non existing resourceDirectory /Users/surajv/Desktop/dash/dashboard/src/test/resources
2020-03-09 21:52:25,968 [Worker-12: Loading available Gradle versions] INFO  o.e.b.c.i.u.g.PublishedGradleVersions - Gradle version information cache is out-of-date. Trying to update.
2020-03-09 21:52:40,356 [Worker-22: Updating Maven Dependencies] INFO  o.e.m.c.i.l.LifecycleMappingFactory - Using org.eclipse.m2e.jdt.JarLifecycleMapping lifecycle mapping for MavenProject: com.example:dashboard:0.0.1-SNAPSHOT @ /Users/surajv/Desktop/dash/dashboard/pom.xml.
2020-03-09 21:52:45,734 [Worker-13: Building] INFO  o.e.m.c.i.embedder.EclipseLogger - Using 'UTF-8' encoding to copy filtered resources.
2020-03-09 21:52:45,762 [Worker-13: Building] INFO  o.e.m.c.i.embedder.EclipseLogger - Copying 1 resource
2020-03-09 21:52:45,952 [Worker-13: Building] INFO  o.e.m.c.i.embedder.EclipseLogger - Copying 1 resource
2020-03-09 21:52:45,958 [Worker-13: Building] INFO  o.e.m.c.i.embedder.EclipseLogger - Using 'UTF-8' encoding to copy filtered resources.
2020-03-09 21:52:45,959 [Worker-13: Building] INFO  o.e.m.c.i.embedder.EclipseLogger - skip non existing resourceDirectory /Users/surajv/Desktop/dash/dashboard/src/test/resources
2020-03-10 00:25:40,383 [Worker-6: Loading available Gradle versions] INFO  o.e.b.c.i.u.g.PublishedGradleVersions - Gradle version information cache is up-to-date. Trying to read.
2020-03-10 00:29:07,908 [Worker-8: Launching Executing install in _Users_surajv_Desktop_dash_dashboard] INFO  o.e.m.i.launch.MavenLaunchDelegate - /Users/surajv/Desktop/dash/dashboard
2020-03-10 00:29:08,045 [Worker-8: Launching Executing install in _Users_surajv_Desktop_dash_dashboard] INFO  o.e.m.i.launch.MavenLaunchDelegate -  mvn -B install
2020-03-10 00:29:35,051 [Worker-18: Launching DashboardApplication] INFO  o.e.m.c.i.l.LifecycleMappingFactory - Using org.eclipse.m2e.jdt.JarLifecycleMapping lifecycle mapping for MavenProject: com.example:dashboard:0.0.1-SNAPSHOT @ /Users/surajv/Desktop/dash/dashboard/pom.xml.
2020-03-10 00:29:35,781 [Worker-18: Launching DashboardApplication] INFO  o.e.m.c.i.e.AbstractTransferListenerAdapter - Downloading https://repo.maven.apache.org/maven2/mysql/mysql-connector-java/5.1.46/mysql-connector-java-5.1.46.pom
2020-03-10 00:29:35,866 [Worker-18: Launching DashboardApplication] INFO  o.e.m.c.i.e.AbstractTransferListenerAdapter - Downloaded https://repo.maven.apache.org/maven2/mysql/mysql-connector-java/5.1.46/mysql-connector-java-5.1.46.pom
2020-03-10 00:29:36,265 [Worker-18: Launching DashboardApplication] INFO  o.e.m.c.i.e.AbstractTransferListenerAdapter - Downloading https://repo.maven.apache.org/maven2/mysql/mysql-connector-java/5.1.46/mysql-connector-java-5.1.46.jar
2020-03-10 00:29:36,600 [Worker-18: Launching DashboardApplication] INFO  o.e.m.c.i.e.AbstractTransferListenerAdapter - Downloaded https://repo.maven.apache.org/maven2/mysql/mysql-connector-java/5.1.46/mysql-connector-java-5.1.46.jar
2020-03-10 00:29:39,010 [Worker-18: Launching DashboardApplication] INFO  o.e.m.c.i.embedder.EclipseLogger - Using 'UTF-8' encoding to copy filtered resources.
2020-03-10 00:29:39,025 [Worker-18: Launching DashboardApplication] INFO  o.e.m.c.i.embedder.EclipseLogger - Copying 1 resource
2020-03-10 00:29:39,048 [Worker-18: Launching DashboardApplication] INFO  o.e.m.c.i.embedder.EclipseLogger - Copying 1 resource
2020-03-10 00:29:39,054 [Worker-18: Launching DashboardApplication] INFO  o.e.m.c.i.embedder.EclipseLogger - Using 'UTF-8' encoding to copy filtered resources.
2020-03-10 00:29:39,054 [Worker-18: Launching DashboardApplication] INFO  o.e.m.c.i.embedder.EclipseLogger - skip non existing resourceDirectory /Users/surajv/Desktop/dash/dashboard/src/test/resources
2020-03-10 00:29:40,253 [Worker-17: Download sources and javadoc] INFO  o.e.m.c.i.e.AbstractTransferListenerAdapter - Downloading https://repo.maven.apache.org/maven2/mysql/mysql-connector-java/5.1.46/mysql-connector-java-5.1.46-sources.jar
2020-03-10 00:29:40,494 [Worker-17: Download sources and javadoc] INFO  o.e.m.c.i.e.AbstractTransferListenerAdapter - Downloaded https://repo.maven.apache.org/maven2/mysql/mysql-connector-java/5.1.46/mysql-connector-java-5.1.46-sources.jar
2020-03-10 00:29:41,015 [Worker-17: Download sources and javadoc] INFO  o.e.m.j.internal.DownloadSourcesJob - Downloaded sources for mysql:mysql-connector-java:5.1.46
2020-03-10 00:29:46,424 [Worker-14: Building] INFO  o.e.m.c.i.embedder.EclipseLogger - Using 'UTF-8' encoding to copy filtered resources.
2020-03-10 00:29:46,527 [Worker-14: Building] INFO  o.e.m.c.i.embedder.EclipseLogger - Copying 1 resource
2020-03-10 00:29:46,529 [Worker-14: Building] INFO  o.e.m.c.i.embedder.EclipseLogger - Copying 1 resource
2020-03-10 00:29:46,541 [Worker-14: Building] INFO  o.e.m.c.i.embedder.EclipseLogger - Using 'UTF-8' encoding to copy filtered resources.
2020-03-10 00:29:46,541 [Worker-14: Building] INFO  o.e.m.c.i.embedder.EclipseLogger - skip non existing resourceDirectory /Users/surajv/Desktop/dash/dashboard/src/test/resources
2020-03-11 09:09:12,523 [Worker-8: Loading available Gradle versions] INFO  o.e.b.c.i.u.g.PublishedGradleVersions - Gradle version information cache is out-of-date. Trying to update.
2020-03-12 12:11:35,143 [Worker-12: Loading available Gradle versions] INFO  o.e.b.c.i.u.g.PublishedGradleVersions - Gradle version information cache is out-of-date. Trying to update.
2020-03-13 00:18:02,441 [Worker-12: Loading available Gradle versions] INFO  o.e.b.c.i.u.g.PublishedGradleVersions - Gradle version information cache is up-to-date. Trying to read.
